[02-May-2021 22:20:13 UTC] PHP Parse error:  syntax error, unexpected '}', expecting ',' or ';' in /Users/brodybayley/Local Sites/fictional-university/app/public/wp-content/themes/fictional-university-theme/index.php on line 4
[02-May-2021 22:42:01 UTC] PHP Parse error:  syntax error, unexpected '$count' (T_VARIABLE) in /Users/brodybayley/Local Sites/fictional-university/app/public/wp-content/themes/fictional-university-theme/index.php on line 5
[02-May-2021 22:46:13 UTC] PHP Parse error:  syntax error, unexpected '$count' (T_VARIABLE) in /Users/brodybayley/Local Sites/fictional-university/app/public/wp-content/themes/fictional-university-theme/index.php on line 5
[03-May-2021 02:01:52 UTC] PHP Parse error:  syntax error, unexpected '"' in /Users/brodybayley/Local Sites/fictional-university/app/public/wp-content/themes/fictional-university-theme/index.php on line 5
[03-May-2021 02:19:59 UTC] PHP Fatal error:  Uncaught ArgumentCountError: Too few arguments to function add_action(), 0 passed in /Users/brodybayley/Local Sites/fictional-university/app/public/wp-content/themes/fictional-university-theme/functions.php on line 3 and at least 2 expected in /Users/brodybayley/Local Sites/fictional-university/app/public/wp-includes/plugin.php:409
Stack trace:
#0 /Users/brodybayley/Local Sites/fictional-university/app/public/wp-content/themes/fictional-university-theme/functions.php(3): add_action()
#1 /Users/brodybayley/Local Sites/fictional-university/app/public/wp-settings.php(528): include('/Users/brodybay...')
#2 /Users/brodybayley/Local Sites/fictional-university/app/public/wp-config.php(77): require_once('/Users/brodybay...')
#3 /Users/brodybayley/Local Sites/fictional-university/app/public/wp-load.php(37): require_once('/Users/brodybay...')
#4 /Users/brodybayley/Local Sites/fictional-university/app/public/wp-admin/admin-ajax.php(22): require_once('/Users/brodybay...')
#5 {main}
  thrown in /Users/brodybayley/Local Sites/fictional-university/app/public/wp-includes/plugin.php on line 409
[03-May-2021 02:49:14 UTC] PHP Parse error:  syntax error, unexpected 'wp_enqueue_style' (T_STRING) in /Users/brodybayley/Local Sites/fictional-university/app/public/wp-content/themes/fictional-university-theme/functions.php on line 5
[03-May-2021 02:49:14 UTC] PHP Parse error:  syntax error, unexpected 'wp_enqueue_style' (T_STRING) in /Users/brodybayley/Local Sites/fictional-university/app/public/wp-content/themes/fictional-university-theme/functions.php on line 5
[03-May-2021 19:38:11 UTC] PHP Fatal error:  Uncaught Error: Call to undefined function the_titles() in /Users/brodybayley/Local Sites/fictional-university/app/public/wp-content/themes/fictional-university-theme/page.php:11
Stack trace:
#0 /Users/brodybayley/Local Sites/fictional-university/app/public/wp-includes/template-loader.php(106): include()
#1 /Users/brodybayley/Local Sites/fictional-university/app/public/wp-blog-header.php(19): require_once('/Users/brodybay...')
#2 /Users/brodybayley/Local Sites/fictional-university/app/public/index.php(17): require('/Users/brodybay...')
#3 {main}
  thrown in /Users/brodybayley/Local Sites/fictional-university/app/public/wp-content/themes/fictional-university-theme/page.php on line 11
[03-May-2021 20:06:54 UTC] PHP Fatal error:  Uncaught ArgumentCountError: Too few arguments to function wp_get_post_parent_id(), 0 passed in /Users/brodybayley/Local Sites/fictional-university/app/public/wp-content/themes/fictional-university-theme/page.php on line 21 and exactly 1 expected in /Users/brodybayley/Local Sites/fictional-university/app/public/wp-includes/post.php:7329
Stack trace:
#0 /Users/brodybayley/Local Sites/fictional-university/app/public/wp-content/themes/fictional-university-theme/page.php(21): wp_get_post_parent_id()
#1 /Users/brodybayley/Local Sites/fictional-university/app/public/wp-includes/template-loader.php(106): include('/Users/brodybay...')
#2 /Users/brodybayley/Local Sites/fictional-university/app/public/wp-blog-header.php(19): require_once('/Users/brodybay...')
#3 /Users/brodybayley/Local Sites/fictional-university/app/public/index.php(17): require('/Users/brodybay...')
#4 {main}
  thrown in /Users/brodybayley/Local Sites/fictional-university/app/public/wp-includes/post.php on line 7329
[03-May-2021 20:11:05 UTC] PHP Parse error:  syntax error, unexpected '}' in /Users/brodybayley/Local Sites/fictional-university/app/public/wp-content/themes/fictional-university-theme/page.php on line 25
[03-May-2021 20:17:50 UTC] PHP Parse error:  syntax error, unexpected 'if' (T_IF) in /Users/brodybayley/Local Sites/fictional-university/app/public/wp-content/themes/fictional-university-theme/page.php on line 22
